<?xml version="1.0" encoding="UTF-8"?>
<coverage generated="1707999054507" clover="3.2.0">
  <project timestamp="1707999054507" name="All files">
    <metrics statements="83" coveredstatements="62" conditionals="42" coveredconditionals="25" methods="14" coveredmethods="10" elements="139" coveredelements="97" complexity="0" loc="83" ncloc="83" packages="3" files="6" classes="6"/>
    <package name="src">
      <metrics statements="25" coveredstatements="25" conditionals="11" coveredconditionals="11" methods="3" coveredmethods="3"/>
      <file name="buildTree.js" path="/Users/artem_zemskov/frontend-project-46/src/buildTree.js">
        <metrics statements="15" coveredstatements="15" conditionals="10" coveredconditionals="10" methods="2" coveredmethods="2"/>
        <line num="3" count="1" type="stmt"/>
        <line num="4" count="15" type="stmt"/>
        <line num="5" count="15" type="stmt"/>
        <line num="6" count="15" type="stmt"/>
        <line num="7" count="15" type="stmt"/>
        <line num="8" count="54" type="cond" truecount="4" falsecount="0"/>
        <line num="9" count="12" type="stmt"/>
        <line num="11" count="42" type="cond" truecount="2" falsecount="0"/>
        <line num="12" count="15" type="stmt"/>
        <line num="14" count="27" type="cond" truecount="2" falsecount="0"/>
        <line num="15" count="6" type="stmt"/>
        <line num="17" count="21" type="cond" truecount="2" falsecount="0"/>
        <line num="18" count="12" type="stmt"/>
        <line num="22" count="9" type="stmt"/>
        <line num="24" count="15" type="stmt"/>
      </file>
      <file name="index.js" path="/Users/artem_zemskov/frontend-project-46/src/index.js">
        <metrics statements="10" coveredstatements="10" conditionals="1" coveredconditionals="1" methods="1" coveredmethods="1"/>
        <line num="8" count="1" type="cond" truecount="1" falsecount="0"/>
        <line num="9" count="3" type="stmt"/>
        <line num="10" count="3" type="stmt"/>
        <line num="11" count="3" type="stmt"/>
        <line num="12" count="3" type="stmt"/>
        <line num="14" count="3" type="stmt"/>
        <line num="15" count="3" type="stmt"/>
        <line num="16" count="3" type="stmt"/>
        <line num="17" count="3" type="stmt"/>
        <line num="18" count="3" type="stmt"/>
      </file>
    </package>
    <package name="src.formatters">
      <metrics statements="53" coveredstatements="33" conditionals="27" coveredconditionals="11" methods="10" coveredmethods="6"/>
      <file name="index.js" path="/Users/artem_zemskov/frontend-project-46/src/formatters/index.js">
        <metrics statements="5" coveredstatements="3" conditionals="3" coveredconditionals="1" methods="1" coveredmethods="1"/>
        <line num="4" count="1" type="stmt"/>
        <line num="5" count="3" type="cond" truecount="1" falsecount="2"/>
        <line num="7" count="3" type="stmt"/>
        <line num="9" count="0" type="stmt"/>
        <line num="11" count="0" type="stmt"/>
      </file>
      <file name="plain.js" path="/Users/artem_zemskov/frontend-project-46/src/formatters/plain.js">
        <metrics statements="19" coveredstatements="2" conditionals="13" coveredconditionals="0" methods="4" coveredmethods="0"/>
        <line num="3" count="1" type="stmt"/>
        <line num="4" count="0" type="cond" truecount="0" falsecount="2"/>
        <line num="5" count="0" type="stmt"/>
        <line num="7" count="0" type="cond" truecount="0" falsecount="2"/>
        <line num="10" count="1" type="cond" truecount="0" falsecount="1"/>
        <line num="11" count="0" type="stmt"/>
        <line num="14" count="0" type="stmt"/>
        <line num="15" count="0" type="stmt"/>
        <line num="16" count="0" type="stmt"/>
        <line num="17" count="0" type="cond" truecount="0" falsecount="2"/>
        <line num="18" count="0" type="stmt"/>
        <line num="20" count="0" type="cond" truecount="0" falsecount="2"/>
        <line num="21" count="0" type="stmt"/>
        <line num="23" count="0" type="cond" truecount="0" falsecount="2"/>
        <line num="24" count="0" type="stmt"/>
        <line num="26" count="0" type="cond" truecount="0" falsecount="2"/>
        <line num="27" count="0" type="stmt"/>
        <line num="31" count="0" type="stmt"/>
        <line num="33" count="0" type="stmt"/>
      </file>
      <file name="stylish.js" path="/Users/artem_zemskov/frontend-project-46/src/formatters/stylish.js">
        <metrics statements="29" coveredstatements="28" conditionals="11" coveredconditionals="10" methods="5" coveredmethods="5"/>
        <line num="3" count="1" type="stmt"/>
        <line num="4" count="1" type="stmt"/>
        <line num="6" count="1" type="stmt"/>
        <line num="7" count="54" type="stmt"/>
        <line num="8" count="63" type="cond" truecount="2" falsecount="0"/>
        <line num="9" count="42" type="stmt"/>
        <line num="11" count="21" type="stmt"/>
        <line num="12" count="21" type="stmt"/>
        <line num="13" count="21" type="stmt"/>
        <line num="14" count="21" type="stmt"/>
        <line num="15" count="21" type="stmt"/>
        <line num="16" count="27" type="cond" truecount="2" falsecount="0"/>
        <line num="17" count="9" type="stmt"/>
        <line num="19" count="18" type="stmt"/>
        <line num="21" count="21" type="stmt"/>
        <line num="23" count="54" type="stmt"/>
        <line num="26" count="1" type="cond" truecount="1" falsecount="0"/>
        <line num="27" count="15" type="stmt"/>
        <line num="28" count="15" type="stmt"/>
        <line num="29" count="15" type="stmt"/>
        <line num="30" count="15" type="stmt"/>
        <line num="31" count="54" type="cond" truecount="5" falsecount="1"/>
        <line num="33" count="12" type="stmt"/>
        <line num="35" count="15" type="stmt"/>
        <line num="37" count="6" type="stmt"/>
        <line num="39" count="12" type="stmt"/>
        <line num="41" count="9" type="stmt"/>
        <line num="43" count="0" type="stmt"/>
        <line num="46" count="15" type="stmt"/>
      </file>
    </package>
    <package name="src.parsers">
      <metrics statements="5" coveredstatements="4" conditionals="4" coveredconditionals="3" methods="1" coveredmethods="1"/>
      <file name="parser.js" path="/Users/artem_zemskov/frontend-project-46/src/parsers/parser.js">
        <metrics statements="5" coveredstatements="4" conditionals="4" coveredconditionals="3" methods="1" coveredmethods="1"/>
        <line num="3" count="1" type="stmt"/>
        <line num="4" count="6" type="cond" truecount="3" falsecount="1"/>
        <line num="6" count="2" type="stmt"/>
        <line num="9" count="4" type="stmt"/>
        <line num="11" count="0" type="stmt"/>
      </file>
    </package>
  </project>
</coverage>
