{"/Users/artem_zemskov/frontend-project-46/src/buildTree.js": {"path":"/Users/artem_zemskov/frontend-project-46/src/buildTree.js","statementMap":{"0":{"start":{"line":3,"column":18},"end":{"line":25,"column":1}},"1":{"start":{"line":4,"column":16},"end":{"line":4,"column":33}},"2":{"start":{"line":5,"column":16},"end":{"line":5,"column":33}},"3":{"start":{"line":6,"column":27},"end":{"line":6,"column":78}},"4":{"start":{"line":7,"column":17},"end":{"line":23,"column":4}},"5":{"start":{"line":8,"column":4},"end":{"line":10,"column":5}},"6":{"start":{"line":9,"column":6},"end":{"line":9,"column":82}},"7":{"start":{"line":11,"column":4},"end":{"line":13,"column":5}},"8":{"start":{"line":12,"column":6},"end":{"line":12,"column":56}},"9":{"start":{"line":14,"column":4},"end":{"line":16,"column":5}},"10":{"start":{"line":15,"column":6},"end":{"line":15,"column":58}},"11":{"start":{"line":17,"column":4},"end":{"line":21,"column":5}},"12":{"start":{"line":18,"column":6},"end":{"line":20,"column":8}},"13":{"start":{"line":22,"column":4},"end":{"line":22,"column":58}},"14":{"start":{"line":24,"column":2},"end":{"line":24,"column":16}}},"fnMap":{"0":{"name":"(anonymous_0)","decl":{"start":{"line":3,"column":18},"end":{"line":3,"column":19}},"loc":{"start":{"line":3,"column":34},"end":{"line":25,"column":1}},"line":3},"1":{"name":"(anonymous_1)","decl":{"start":{"line":7,"column":38},"end":{"line":7,"column":39}},"loc":{"start":{"line":7,"column":47},"end":{"line":23,"column":3}},"line":7}},"branchMap":{"0":{"loc":{"start":{"line":8,"column":4},"end":{"line":10,"column":5}},"type":"if","locations":[{"start":{"line":8,"column":4},"end":{"line":10,"column":5}},{"start":{},"end":{}}],"line":8},"1":{"loc":{"start":{"line":8,"column":8},"end":{"line":8,"column":64}},"type":"binary-expr","locations":[{"start":{"line":8,"column":8},"end":{"line":8,"column":34}},{"start":{"line":8,"column":38},"end":{"line":8,"column":64}}],"line":8},"2":{"loc":{"start":{"line":11,"column":4},"end":{"line":13,"column":5}},"type":"if","locations":[{"start":{"line":11,"column":4},"end":{"line":13,"column":5}},{"start":{},"end":{}}],"line":11},"3":{"loc":{"start":{"line":14,"column":4},"end":{"line":16,"column":5}},"type":"if","locations":[{"start":{"line":14,"column":4},"end":{"line":16,"column":5}},{"start":{},"end":{}}],"line":14},"4":{"loc":{"start":{"line":17,"column":4},"end":{"line":21,"column":5}},"type":"if","locations":[{"start":{"line":17,"column":4},"end":{"line":21,"column":5}},{"start":{},"end":{}}],"line":17}},"s":{"0":1,"1":15,"2":15,"3":15,"4":15,"5":54,"6":12,"7":42,"8":15,"9":27,"10":6,"11":21,"12":12,"13":9,"14":15},"f":{"0":15,"1":54},"b":{"0":[12,42],"1":[54,18],"2":[15,27],"3":[6,21],"4":[12,9]},"_coverageSchema":"1a1c01bbd47fc00a2c39e90264f33305004495a9","hash":"562a4817ee36db8ed8903540ba488c7f0bc27982"}
,"/Users/artem_zemskov/frontend-project-46/src/index.js": {"path":"/Users/artem_zemskov/frontend-project-46/src/index.js","statementMap":{"0":{"start":{"line":8,"column":16},"end":{"line":19,"column":1}},"1":{"start":{"line":9,"column":24},"end":{"line":9,"column":50}},"2":{"start":{"line":10,"column":24},"end":{"line":10,"column":50}},"3":{"start":{"line":11,"column":16},"end":{"line":11,"column":55}},"4":{"start":{"line":12,"column":16},"end":{"line":12,"column":55}},"5":{"start":{"line":14,"column":15},"end":{"line":14,"column":58}},"6":{"start":{"line":15,"column":15},"end":{"line":15,"column":58}},"7":{"start":{"line":16,"column":15},"end":{"line":16,"column":36}},"8":{"start":{"line":17,"column":17},"end":{"line":17,"column":40}},"9":{"start":{"line":18,"column":2},"end":{"line":18,"column":16}}},"fnMap":{"0":{"name":"(anonymous_0)","decl":{"start":{"line":8,"column":16},"end":{"line":8,"column":17}},"loc":{"start":{"line":8,"column":54},"end":{"line":19,"column":1}},"line":8}},"branchMap":{"0":{"loc":{"start":{"line":8,"column":31},"end":{"line":8,"column":49}},"type":"default-arg","locations":[{"start":{"line":8,"column":40},"end":{"line":8,"column":49}}],"line":8}},"s":{"0":1,"1":3,"2":3,"3":3,"4":3,"5":3,"6":3,"7":3,"8":3,"9":3},"f":{"0":3},"b":{"0":[3]},"_coverageSchema":"1a1c01bbd47fc00a2c39e90264f33305004495a9","hash":"6c3191e4cb8c2729dcb4baf79161461269fe0a24"}
,"/Users/artem_zemskov/frontend-project-46/src/formatters/index.js": {"path":"/Users/artem_zemskov/frontend-project-46/src/formatters/index.js","statementMap":{"0":{"start":{"line":4,"column":18},"end":{"line":13,"column":1}},"1":{"start":{"line":5,"column":2},"end":{"line":12,"column":3}},"2":{"start":{"line":7,"column":6},"end":{"line":7,"column":26}},"3":{"start":{"line":9,"column":6},"end":{"line":9,"column":24}},"4":{"start":{"line":11,"column":6},"end":{"line":11,"column":38}}},"fnMap":{"0":{"name":"(anonymous_0)","decl":{"start":{"line":4,"column":18},"end":{"line":4,"column":19}},"loc":{"start":{"line":4,"column":35},"end":{"line":13,"column":1}},"line":4}},"branchMap":{"0":{"loc":{"start":{"line":5,"column":2},"end":{"line":12,"column":3}},"type":"switch","locations":[{"start":{"line":6,"column":4},"end":{"line":7,"column":26}},{"start":{"line":8,"column":4},"end":{"line":9,"column":24}},{"start":{"line":10,"column":4},"end":{"line":11,"column":38}}],"line":5}},"s":{"0":1,"1":3,"2":3,"3":0,"4":0},"f":{"0":3},"b":{"0":[3,0,0]},"_coverageSchema":"1a1c01bbd47fc00a2c39e90264f33305004495a9","hash":"b327eee9cd7ec9e35b1caaef0f3f08223c24d5ff"}
,"/Users/artem_zemskov/frontend-project-46/src/formatters/plain.js": {"path":"/Users/artem_zemskov/frontend-project-46/src/formatters/plain.js","statementMap":{"0":{"start":{"line":3,"column":18},"end":{"line":8,"column":1}},"1":{"start":{"line":4,"column":2},"end":{"line":6,"column":3}},"2":{"start":{"line":5,"column":4},"end":{"line":5,"column":29}},"3":{"start":{"line":7,"column":2},"end":{"line":7,"column":50}},"4":{"start":{"line":10,"column":14},"end":{"line":34,"column":1}},"5":{"start":{"line":11,"column":15},"end":{"line":29,"column":4}},"6":{"start":{"line":14,"column":8},"end":{"line":14,"column":12}},"7":{"start":{"line":15,"column":17},"end":{"line":15,"column":35}},"8":{"start":{"line":16,"column":17},"end":{"line":16,"column":31}},"9":{"start":{"line":17,"column":4},"end":{"line":19,"column":5}},"10":{"start":{"line":18,"column":6},"end":{"line":18,"column":35}},"11":{"start":{"line":20,"column":4},"end":{"line":22,"column":5}},"12":{"start":{"line":21,"column":6},"end":{"line":21,"column":76}},"13":{"start":{"line":23,"column":4},"end":{"line":25,"column":5}},"14":{"start":{"line":24,"column":6},"end":{"line":24,"column":46}},"15":{"start":{"line":26,"column":4},"end":{"line":28,"column":5}},"16":{"start":{"line":27,"column":6},"end":{"line":27,"column":97}},"17":{"start":{"line":31,"column":17},"end":{"line":31,"column":58}},"18":{"start":{"line":31,"column":39},"end":{"line":31,"column":57}},"19":{"start":{"line":33,"column":2},"end":{"line":33,"column":32}}},"fnMap":{"0":{"name":"(anonymous_0)","decl":{"start":{"line":3,"column":18},"end":{"line":3,"column":19}},"loc":{"start":{"line":3,"column":29},"end":{"line":8,"column":1}},"line":3},"1":{"name":"(anonymous_1)","decl":{"start":{"line":10,"column":14},"end":{"line":10,"column":15}},"loc":{"start":{"line":10,"column":39},"end":{"line":34,"column":1}},"line":10},"2":{"name":"(anonymous_2)","decl":{"start":{"line":11,"column":24},"end":{"line":11,"column":25}},"loc":{"start":{"line":11,"column":34},"end":{"line":29,"column":3}},"line":11},"3":{"name":"(anonymous_3)","decl":{"start":{"line":31,"column":29},"end":{"line":31,"column":30}},"loc":{"start":{"line":31,"column":39},"end":{"line":31,"column":57}},"line":31}},"branchMap":{"0":{"loc":{"start":{"line":4,"column":2},"end":{"line":6,"column":3}},"type":"if","locations":[{"start":{"line":4,"column":2},"end":{"line":6,"column":3}},{"start":{},"end":{}}],"line":4},"1":{"loc":{"start":{"line":7,"column":9},"end":{"line":7,"column":49}},"type":"cond-expr","locations":[{"start":{"line":7,"column":29},"end":{"line":7,"column":41}},{"start":{"line":7,"column":44},"end":{"line":7,"column":49}}],"line":7},"2":{"loc":{"start":{"line":10,"column":21},"end":{"line":10,"column":34}},"type":"default-arg","locations":[{"start":{"line":10,"column":32},"end":{"line":10,"column":34}}],"line":10},"3":{"loc":{"start":{"line":17,"column":4},"end":{"line":19,"column":5}},"type":"if","locations":[{"start":{"line":17,"column":4},"end":{"line":19,"column":5}},{"start":{},"end":{}}],"line":17},"4":{"loc":{"start":{"line":20,"column":4},"end":{"line":22,"column":5}},"type":"if","locations":[{"start":{"line":20,"column":4},"end":{"line":22,"column":5}},{"start":{},"end":{}}],"line":20},"5":{"loc":{"start":{"line":23,"column":4},"end":{"line":25,"column":5}},"type":"if","locations":[{"start":{"line":23,"column":4},"end":{"line":25,"column":5}},{"start":{},"end":{}}],"line":23},"6":{"loc":{"start":{"line":26,"column":4},"end":{"line":28,"column":5}},"type":"if","locations":[{"start":{"line":26,"column":4},"end":{"line":28,"column":5}},{"start":{},"end":{}}],"line":26}},"s":{"0":1,"1":0,"2":0,"3":0,"4":1,"5":0,"6":0,"7":0,"8":0,"9":0,"10":0,"11":0,"12":0,"13":0,"14":0,"15":0,"16":0,"17":0,"18":0,"19":0},"f":{"0":0,"1":0,"2":0,"3":0},"b":{"0":[0,0],"1":[0,0],"2":[0],"3":[0,0],"4":[0,0],"5":[0,0],"6":[0,0]},"_coverageSchema":"1a1c01bbd47fc00a2c39e90264f33305004495a9","hash":"9ca6e138fb6888d094e69c4f750810a99b6890e5"}
,"/Users/artem_zemskov/frontend-project-46/src/formatters/stylish.js": {"path":"/Users/artem_zemskov/frontend-project-46/src/formatters/stylish.js","statementMap":{"0":{"start":{"line":3,"column":20},"end":{"line":3,"column":21}},"1":{"start":{"line":4,"column":14},"end":{"line":4,"column":17}},"2":{"start":{"line":6,"column":18},"end":{"line":24,"column":1}},"3":{"start":{"line":7,"column":15},"end":{"line":22,"column":3}},"4":{"start":{"line":8,"column":4},"end":{"line":10,"column":5}},"5":{"start":{"line":9,"column":6},"end":{"line":9,"column":31}},"6":{"start":{"line":11,"column":23},"end":{"line":11,"column":47}},"7":{"start":{"line":12,"column":26},"end":{"line":12,"column":50}},"8":{"start":{"line":13,"column":26},"end":{"line":13,"column":64}},"9":{"start":{"line":14,"column":18},"end":{"line":14,"column":46}},"10":{"start":{"line":15,"column":19},"end":{"line":20,"column":6}},"11":{"start":{"line":16,"column":6},"end":{"line":18,"column":7}},"12":{"start":{"line":17,"column":8},"end":{"line":17,"column":72}},"13":{"start":{"line":19,"column":6},"end":{"line":19,"column":48}},"14":{"start":{"line":21,"column":4},"end":{"line":21,"column":56}},"15":{"start":{"line":23,"column":2},"end":{"line":23,"column":31}},"16":{"start":{"line":26,"column":16},"end":{"line":47,"column":1}},"17":{"start":{"line":27,"column":21},"end":{"line":27,"column":44}},"18":{"start":{"line":28,"column":24},"end":{"line":28,"column":48}},"19":{"start":{"line":29,"column":24},"end":{"line":29,"column":52}},"20":{"start":{"line":30,"column":17},"end":{"line":45,"column":4}},"21":{"start":{"line":31,"column":4},"end":{"line":44,"column":5}},"22":{"start":{"line":33,"column":8},"end":{"line":33,"column":85}},"23":{"start":{"line":35,"column":8},"end":{"line":35,"column":80}},"24":{"start":{"line":37,"column":8},"end":{"line":37,"column":80}},"25":{"start":{"line":39,"column":8},"end":{"line":39,"column":146}},"26":{"start":{"line":41,"column":8},"end":{"line":41,"column":80}},"27":{"start":{"line":43,"column":8},"end":{"line":43,"column":64}},"28":{"start":{"line":46,"column":2},"end":{"line":46,"column":54}}},"fnMap":{"0":{"name":"(anonymous_0)","decl":{"start":{"line":6,"column":18},"end":{"line":6,"column":19}},"loc":{"start":{"line":6,"column":35},"end":{"line":24,"column":1}},"line":6},"1":{"name":"(anonymous_1)","decl":{"start":{"line":7,"column":15},"end":{"line":7,"column":16}},"loc":{"start":{"line":7,"column":45},"end":{"line":22,"column":3}},"line":7},"2":{"name":"(anonymous_2)","decl":{"start":{"line":15,"column":29},"end":{"line":15,"column":30}},"loc":{"start":{"line":15,"column":47},"end":{"line":20,"column":5}},"line":15},"3":{"name":"(anonymous_3)","decl":{"start":{"line":26,"column":16},"end":{"line":26,"column":17}},"loc":{"start":{"line":26,"column":37},"end":{"line":47,"column":1}},"line":26},"4":{"name":"(anonymous_4)","decl":{"start":{"line":30,"column":26},"end":{"line":30,"column":27}},"loc":{"start":{"line":30,"column":36},"end":{"line":45,"column":3}},"line":30}},"branchMap":{"0":{"loc":{"start":{"line":8,"column":4},"end":{"line":10,"column":5}},"type":"if","locations":[{"start":{"line":8,"column":4},"end":{"line":10,"column":5}},{"start":{},"end":{}}],"line":8},"1":{"loc":{"start":{"line":16,"column":6},"end":{"line":18,"column":7}},"type":"if","locations":[{"start":{"line":16,"column":6},"end":{"line":18,"column":7}},{"start":{},"end":{}}],"line":16},"2":{"loc":{"start":{"line":26,"column":23},"end":{"line":26,"column":32}},"type":"default-arg","locations":[{"start":{"line":26,"column":31},"end":{"line":26,"column":32}}],"line":26},"3":{"loc":{"start":{"line":31,"column":4},"end":{"line":44,"column":5}},"type":"switch","locations":[{"start":{"line":32,"column":6},"end":{"line":33,"column":85}},{"start":{"line":34,"column":6},"end":{"line":35,"column":80}},{"start":{"line":36,"column":6},"end":{"line":37,"column":80}},{"start":{"line":38,"column":6},"end":{"line":39,"column":146}},{"start":{"line":40,"column":6},"end":{"line":41,"column":80}},{"start":{"line":42,"column":6},"end":{"line":43,"column":64}}],"line":31}},"s":{"0":1,"1":1,"2":1,"3":54,"4":63,"5":42,"6":21,"7":21,"8":21,"9":21,"10":21,"11":27,"12":9,"13":18,"14":21,"15":54,"16":1,"17":15,"18":15,"19":15,"20":15,"21":54,"22":12,"23":15,"24":6,"25":12,"26":9,"27":0,"28":15},"f":{"0":54,"1":63,"2":27,"3":15,"4":54},"b":{"0":[42,21],"1":[9,18],"2":[3],"3":[12,15,6,12,9,0]},"_coverageSchema":"1a1c01bbd47fc00a2c39e90264f33305004495a9","hash":"ba62b95caeb6bc2101bce8952b54b5eb416e6c60"}
,"/Users/artem_zemskov/frontend-project-46/src/parsers/parser.js": {"path":"/Users/artem_zemskov/frontend-project-46/src/parsers/parser.js","statementMap":{"0":{"start":{"line":3,"column":15},"end":{"line":13,"column":1}},"1":{"start":{"line":4,"column":2},"end":{"line":12,"column":3}},"2":{"start":{"line":6,"column":6},"end":{"line":6,"column":32}},"3":{"start":{"line":9,"column":6},"end":{"line":9,"column":39}},"4":{"start":{"line":11,"column":6},"end":{"line":11,"column":38}}},"fnMap":{"0":{"name":"(anonymous_0)","decl":{"start":{"line":3,"column":15},"end":{"line":3,"column":16}},"loc":{"start":{"line":3,"column":35},"end":{"line":13,"column":1}},"line":3}},"branchMap":{"0":{"loc":{"start":{"line":4,"column":2},"end":{"line":12,"column":3}},"type":"switch","locations":[{"start":{"line":5,"column":4},"end":{"line":6,"column":32}},{"start":{"line":7,"column":4},"end":{"line":7,"column":16}},{"start":{"line":8,"column":4},"end":{"line":9,"column":39}},{"start":{"line":10,"column":4},"end":{"line":11,"column":38}}],"line":4}},"s":{"0":1,"1":6,"2":2,"3":4,"4":0},"f":{"0":6},"b":{"0":[2,4,4,0]},"_coverageSchema":"1a1c01bbd47fc00a2c39e90264f33305004495a9","hash":"d7368d219ce5bad50f1362fb720ded7357c9b591"}
}
