TN:
SF:src/buildTree.js
FN:3,(anonymous_0)
FN:7,(anonymous_1)
FNF:2
FNH:2
FNDA:15,(anonymous_0)
FNDA:54,(anonymous_1)
DA:3,1
DA:4,15
DA:5,15
DA:6,15
DA:7,15
DA:8,54
DA:9,12
DA:11,42
DA:12,15
DA:14,27
DA:15,6
DA:17,21
DA:18,12
DA:22,9
DA:24,15
LF:15
LH:15
BRDA:8,0,0,12
BRDA:8,0,1,42
BRDA:8,1,0,54
BRDA:8,1,1,18
BRDA:11,2,0,15
BRDA:11,2,1,27
BRDA:14,3,0,6
BRDA:14,3,1,21
BRDA:17,4,0,12
BRDA:17,4,1,9
BRF:10
BRH:10
end_of_record
TN:
SF:src/index.js
FN:8,(anonymous_0)
FNF:1
FNH:1
FNDA:3,(anonymous_0)
DA:8,1
DA:9,3
DA:10,3
DA:11,3
DA:12,3
DA:14,3
DA:15,3
DA:16,3
DA:17,3
DA:18,3
LF:10
LH:10
BRDA:8,0,0,3
BRF:1
BRH:1
end_of_record
TN:
SF:src/formatters/index.js
FN:4,(anonymous_0)
FNF:1
FNH:1
FNDA:3,(anonymous_0)
DA:4,1
DA:5,3
DA:7,3
DA:9,0
DA:11,0
LF:5
LH:3
BRDA:5,0,0,3
BRDA:5,0,1,0
BRDA:5,0,2,0
BRF:3
BRH:1
end_of_record
TN:
SF:src/formatters/plain.js
FN:3,(anonymous_0)
FN:10,(anonymous_1)
FN:11,(anonymous_2)
FN:31,(anonymous_3)
FNF:4
FNH:0
FNDA:0,(anonymous_0)
FNDA:0,(anonymous_1)
FNDA:0,(anonymous_2)
FNDA:0,(anonymous_3)
DA:3,1
DA:4,0
DA:5,0
DA:7,0
DA:10,1
DA:11,0
DA:14,0
DA:15,0
DA:16,0
DA:17,0
DA:18,0
DA:20,0
DA:21,0
DA:23,0
DA:24,0
DA:26,0
DA:27,0
DA:31,0
DA:33,0
LF:19
LH:2
BRDA:4,0,0,0
BRDA:4,0,1,0
BRDA:7,1,0,0
BRDA:7,1,1,0
BRDA:10,2,0,0
BRDA:17,3,0,0
BRDA:17,3,1,0
BRDA:20,4,0,0
BRDA:20,4,1,0
BRDA:23,5,0,0
BRDA:23,5,1,0
BRDA:26,6,0,0
BRDA:26,6,1,0
BRF:13
BRH:0
end_of_record
TN:
SF:src/formatters/stylish.js
FN:6,(anonymous_0)
FN:7,(anonymous_1)
FN:15,(anonymous_2)
FN:26,(anonymous_3)
FN:30,(anonymous_4)
FNF:5
FNH:5
FNDA:54,(anonymous_0)
FNDA:63,(anonymous_1)
FNDA:27,(anonymous_2)
FNDA:15,(anonymous_3)
FNDA:54,(anonymous_4)
DA:3,1
DA:4,1
DA:6,1
DA:7,54
DA:8,63
DA:9,42
DA:11,21
DA:12,21
DA:13,21
DA:14,21
DA:15,21
DA:16,27
DA:17,9
DA:19,18
DA:21,21
DA:23,54
DA:26,1
DA:27,15
DA:28,15
DA:29,15
DA:30,15
DA:31,54
DA:33,12
DA:35,15
DA:37,6
DA:39,12
DA:41,9
DA:43,0
DA:46,15
LF:29
LH:28
BRDA:8,0,0,42
BRDA:8,0,1,21
BRDA:16,1,0,9
BRDA:16,1,1,18
BRDA:26,2,0,3
BRDA:31,3,0,12
BRDA:31,3,1,15
BRDA:31,3,2,6
BRDA:31,3,3,12
BRDA:31,3,4,9
BRDA:31,3,5,0
BRF:11
BRH:10
end_of_record
TN:
SF:src/parsers/parser.js
FN:3,(anonymous_0)
FNF:1
FNH:1
FNDA:6,(anonymous_0)
DA:3,1
DA:4,6
DA:6,2
DA:9,4
DA:11,0
LF:5
LH:4
BRDA:4,0,0,2
BRDA:4,0,1,4
BRDA:4,0,2,4
BRDA:4,0,3,0
BRF:4
BRH:3
end_of_record
